<?xml version="1.0" encoding="UTF-8"?>
<!-- Generated by org.testng.reporters.JUnitXMLReporter -->
<testsuite hostname="Alexanders-MacBook-Pro.local" ignored="0" tests="948" failures="0" timestamp="03 Apr 2019 03:44:23 GMT" time="0.831" errors="0">
  <testcase name="testAdd" time="0.003" classname="Test_1_emptyList"/>
  <testcase name="testAddAfter_invalidElement" time="0.0" classname="Test_1_emptyList"/>
  <testcase name="testAddToFront" time="0.0" classname="Test_1_emptyList"/>
  <testcase name="testAddToRear" time="0.001" classname="Test_1_emptyList"/>
  <testcase name="testAdd_invalidIndex" time="0.001" classname="Test_1_emptyList"/>
  <testcase name="testAdd_invalidIndex" time="0.001" classname="Test_1_emptyList"/>
  <testcase name="testAdd_validIndex" time="0.001" classname="Test_1_emptyList"/>
  <testcase name="testContains_invalidElement" time="0.002" classname="Test_1_emptyList"/>
  <testcase name="testFirst" time="0.0" classname="Test_1_emptyList"/>
  <testcase name="testGet" time="0.001" classname="Test_1_emptyList"/>
  <testcase name="testIndexOf_invalidElement" time="0.0" classname="Test_1_emptyList"/>
  <testcase name="testIsEmpty" time="0.001" classname="Test_1_emptyList"/>
  <testcase name="testIterator" time="0.0" classname="Test_1_emptyList"/>
  <testcase name="testLast" time="0.0" classname="Test_1_emptyList"/>
  <testcase name="testListIterator" time="0.001" classname="Test_1_emptyList"/>
  <testcase name="testListIterator_invalidIndex" time="0.001" classname="Test_1_emptyList"/>
  <testcase name="testListIterator_validIndex" time="0.0" classname="Test_1_emptyList"/>
  <testcase name="testRemoveFirst" time="0.001" classname="Test_1_emptyList"/>
  <testcase name="testRemoveLast" time="0.001" classname="Test_1_emptyList"/>
  <testcase name="testRemove_invalidElement" time="0.0" classname="Test_1_emptyList"/>
  <testcase name="testRemove_invalidIndex" time="0.001" classname="Test_1_emptyList"/>
  <testcase name="testSet" time="0.001" classname="Test_1_emptyList"/>
  <testcase name="testSize" time="0.0" classname="Test_1_emptyList"/>
  <testcase name="testToString" time="0.0" classname="Test_1_emptyList"/>
  <testcase name="testAdd" time="0.0" classname="Test_6_A_addToFrontB_BA"/>
  <testcase name="testAddAfter_invalidElement" time="0.0" classname="Test_6_A_addToFrontB_BA"/>
  <testcase name="testAddAfter_validElement" time="0.0" classname="Test_6_A_addToFrontB_BA"/>
  <testcase name="testAddAfter_validElement" time="0.001" classname="Test_6_A_addToFrontB_BA"/>
  <testcase name="testAddToFront" time="0.001" classname="Test_6_A_addToFrontB_BA"/>
  <testcase name="testAddToRear" time="0.001" classname="Test_6_A_addToFrontB_BA"/>
  <testcase name="testAdd_invalidIndex" time="0.0" classname="Test_6_A_addToFrontB_BA"/>
  <testcase name="testAdd_invalidIndex" time="0.001" classname="Test_6_A_addToFrontB_BA"/>
  <testcase name="testAdd_validIndex" time="0.0" classname="Test_6_A_addToFrontB_BA"/>
  <testcase name="testAdd_validIndex" time="0.0" classname="Test_6_A_addToFrontB_BA"/>
  <testcase name="testAdd_validIndex" time="0.0" classname="Test_6_A_addToFrontB_BA"/>
  <testcase name="testContains_invalidElement" time="0.0" classname="Test_6_A_addToFrontB_BA"/>
  <testcase name="testContains_validElement" time="0.0" classname="Test_6_A_addToFrontB_BA"/>
  <testcase name="testContains_validElement" time="0.0" classname="Test_6_A_addToFrontB_BA"/>
  <testcase name="testFirst" time="0.0" classname="Test_6_A_addToFrontB_BA"/>
  <testcase name="testGet_invalidIndex" time="0.0" classname="Test_6_A_addToFrontB_BA"/>
  <testcase name="testGet_invalidIndex" time="0.001" classname="Test_6_A_addToFrontB_BA"/>
  <testcase name="testGet_validIndex" time="0.0" classname="Test_6_A_addToFrontB_BA"/>
  <testcase name="testGet_validIndex" time="0.0" classname="Test_6_A_addToFrontB_BA"/>
  <testcase name="testIndexOf_invalidElement" time="0.0" classname="Test_6_A_addToFrontB_BA"/>
  <testcase name="testIndexOf_validElement" time="0.001" classname="Test_6_A_addToFrontB_BA"/>
  <testcase name="testIndexOf_validElement" time="0.001" classname="Test_6_A_addToFrontB_BA"/>
  <testcase name="testIsEmpty" time="0.001" classname="Test_6_A_addToFrontB_BA"/>
  <testcase name="testIterator" time="0.0" classname="Test_6_A_addToFrontB_BA"/>
  <testcase name="testLast" time="0.0" classname="Test_6_A_addToFrontB_BA"/>
  <testcase name="testListIterator" time="0.001" classname="Test_6_A_addToFrontB_BA"/>
  <testcase name="testListIterator_invalidIndex" time="0.0" classname="Test_6_A_addToFrontB_BA"/>
  <testcase name="testListIterator_invalidIndex" time="0.0" classname="Test_6_A_addToFrontB_BA"/>
  <testcase name="testListIterator_validIndex" time="0.001" classname="Test_6_A_addToFrontB_BA"/>
  <testcase name="testListIterator_validIndex" time="0.0" classname="Test_6_A_addToFrontB_BA"/>
  <testcase name="testListIterator_validIndex" time="0.0" classname="Test_6_A_addToFrontB_BA"/>
  <testcase name="testRemoveFirst" time="0.0" classname="Test_6_A_addToFrontB_BA"/>
  <testcase name="testRemoveLast" time="0.0" classname="Test_6_A_addToFrontB_BA"/>
  <testcase name="testRemove_invalidElement" time="0.0" classname="Test_6_A_addToFrontB_BA"/>
  <testcase name="testRemove_invalidIndex" time="0.001" classname="Test_6_A_addToFrontB_BA"/>
  <testcase name="testRemove_invalidIndex" time="0.0" classname="Test_6_A_addToFrontB_BA"/>
  <testcase name="testRemove_validElement" time="0.0" classname="Test_6_A_addToFrontB_BA"/>
  <testcase name="testRemove_validElement" time="0.0" classname="Test_6_A_addToFrontB_BA"/>
  <testcase name="testRemove_validIndex" time="0.0" classname="Test_6_A_addToFrontB_BA"/>
  <testcase name="testRemove_validIndex" time="0.0" classname="Test_6_A_addToFrontB_BA"/>
  <testcase name="testSet_invalidIndex" time="0.001" classname="Test_6_A_addToFrontB_BA"/>
  <testcase name="testSet_invalidIndex" time="0.0" classname="Test_6_A_addToFrontB_BA"/>
  <testcase name="testSet_validIndex" time="0.0" classname="Test_6_A_addToFrontB_BA"/>
  <testcase name="testSet_validIndex" time="0.0" classname="Test_6_A_addToFrontB_BA"/>
  <testcase name="testSize" time="0.0" classname="Test_6_A_addToFrontB_BA"/>
  <testcase name="testAdd" time="0.0" classname="Test_39_ABC_remove1_AC"/>
  <testcase name="testAddAfter_invalidElement" time="0.0" classname="Test_39_ABC_remove1_AC"/>
  <testcase name="testAddAfter_validElement" time="0.001" classname="Test_39_ABC_remove1_AC"/>
  <testcase name="testAddAfter_validElement" time="0.0" classname="Test_39_ABC_remove1_AC"/>
  <testcase name="testAddToFront" time="0.0" classname="Test_39_ABC_remove1_AC"/>
  <testcase name="testAddToRear" time="0.0" classname="Test_39_ABC_remove1_AC"/>
  <testcase name="testAdd_invalidIndex" time="0.0" classname="Test_39_ABC_remove1_AC"/>
  <testcase name="testAdd_invalidIndex" time="0.0" classname="Test_39_ABC_remove1_AC"/>
  <testcase name="testAdd_validIndex" time="0.001" classname="Test_39_ABC_remove1_AC"/>
  <testcase name="testAdd_validIndex" time="0.001" classname="Test_39_ABC_remove1_AC"/>
  <testcase name="testAdd_validIndex" time="0.001" classname="Test_39_ABC_remove1_AC"/>
  <testcase name="testContains_invalidElement" time="0.001" classname="Test_39_ABC_remove1_AC"/>
  <testcase name="testContains_validElement" time="0.001" classname="Test_39_ABC_remove1_AC"/>
  <testcase name="testContains_validElement" time="0.001" classname="Test_39_ABC_remove1_AC"/>
  <testcase name="testFirst" time="0.001" classname="Test_39_ABC_remove1_AC"/>
  <testcase name="testGet_invalidIndex" time="0.0" classname="Test_39_ABC_remove1_AC"/>
  <testcase name="testGet_invalidIndex" time="0.0" classname="Test_39_ABC_remove1_AC"/>
  <testcase name="testGet_validIndex" time="0.001" classname="Test_39_ABC_remove1_AC"/>
  <testcase name="testGet_validIndex" time="0.001" classname="Test_39_ABC_remove1_AC"/>
  <testcase name="testIndexOf" time="0.001" classname="Test_39_ABC_remove1_AC"/>
  <testcase name="testIndexOf" time="0.001" classname="Test_39_ABC_remove1_AC"/>
  <testcase name="testIndexOf" time="0.0" classname="Test_39_ABC_remove1_AC"/>
  <testcase name="testIsEmpty" time="0.0" classname="Test_39_ABC_remove1_AC"/>
  <testcase name="testIterator" time="0.0" classname="Test_39_ABC_remove1_AC"/>
  <testcase name="testLast" time="0.0" classname="Test_39_ABC_remove1_AC"/>
  <testcase name="testListIterator" time="0.001" classname="Test_39_ABC_remove1_AC"/>
  <testcase name="testListIterator_invalidIndex" time="0.0" classname="Test_39_ABC_remove1_AC"/>
  <testcase name="testListIterator_invalidIndex" time="0.0" classname="Test_39_ABC_remove1_AC"/>
  <testcase name="testListIterator_validIndex" time="0.0" classname="Test_39_ABC_remove1_AC"/>
  <testcase name="testListIterator_validIndex" time="0.0" classname="Test_39_ABC_remove1_AC"/>
  <testcase name="testListIterator_validIndex" time="0.0" classname="Test_39_ABC_remove1_AC"/>
  <testcase name="testRemoveFirst" time="0.0" classname="Test_39_ABC_remove1_AC"/>
  <testcase name="testRemoveLast" time="0.0" classname="Test_39_ABC_remove1_AC"/>
  <testcase name="testRemove_invalidElement" time="0.0" classname="Test_39_ABC_remove1_AC"/>
  <testcase name="testRemove_invalidIndex" time="0.0" classname="Test_39_ABC_remove1_AC"/>
  <testcase name="testRemove_invalidIndex" time="0.0" classname="Test_39_ABC_remove1_AC"/>
  <testcase name="testRemove_validElement" time="0.0" classname="Test_39_ABC_remove1_AC"/>
  <testcase name="testRemove_validElement" time="0.0" classname="Test_39_ABC_remove1_AC"/>
  <testcase name="testRemove_validIndex" time="0.0" classname="Test_39_ABC_remove1_AC"/>
  <testcase name="testRemove_validIndex" time="0.001" classname="Test_39_ABC_remove1_AC"/>
  <testcase name="testSet_invalidIndex" time="0.0" classname="Test_39_ABC_remove1_AC"/>
  <testcase name="testSet_invalidIndex" time="0.0" classname="Test_39_ABC_remove1_AC"/>
  <testcase name="testSet_validIndex" time="0.0" classname="Test_39_ABC_remove1_AC"/>
  <testcase name="testSet_validIndex" time="0.0" classname="Test_39_ABC_remove1_AC"/>
  <testcase name="testSize" time="0.001" classname="Test_39_ABC_remove1_AC"/>
  <testcase name="testAdd" time="0.0" classname="Test_2_emptyList_addToFrontA_A"/>
  <testcase name="testAddAfter_invalidElement" time="0.0" classname="Test_2_emptyList_addToFrontA_A"/>
  <testcase name="testAddToFront" time="0.0" classname="Test_2_emptyList_addToFrontA_A"/>
  <testcase name="testAddToRear" time="0.0" classname="Test_2_emptyList_addToFrontA_A"/>
  <testcase name="testAdd_invalidIndex" time="0.001" classname="Test_2_emptyList_addToFrontA_A"/>
  <testcase name="testAdd_invalidIndex" time="0.0" classname="Test_2_emptyList_addToFrontA_A"/>
  <testcase name="testAdd_validIndex" time="0.0" classname="Test_2_emptyList_addToFrontA_A"/>
  <testcase name="testContains_invalidElement" time="0.0" classname="Test_2_emptyList_addToFrontA_A"/>
  <testcase name="testFirst" time="0.0" classname="Test_2_emptyList_addToFrontA_A"/>
  <testcase name="testGet" time="0.0" classname="Test_2_emptyList_addToFrontA_A"/>
  <testcase name="testIndexOf_invalidElement" time="0.0" classname="Test_2_emptyList_addToFrontA_A"/>
  <testcase name="testIsEmpty" time="0.0" classname="Test_2_emptyList_addToFrontA_A"/>
  <testcase name="testIterator" time="0.0" classname="Test_2_emptyList_addToFrontA_A"/>
  <testcase name="testLast" time="0.0" classname="Test_2_emptyList_addToFrontA_A"/>
  <testcase name="testListIterator" time="0.0" classname="Test_2_emptyList_addToFrontA_A"/>
  <testcase name="testListIterator_invalidIndex" time="0.0" classname="Test_2_emptyList_addToFrontA_A"/>
  <testcase name="testListIterator_validIndex" time="0.0" classname="Test_2_emptyList_addToFrontA_A"/>
  <testcase name="testRemoveFirst" time="0.0" classname="Test_2_emptyList_addToFrontA_A"/>
  <testcase name="testRemoveLast" time="0.0" classname="Test_2_emptyList_addToFrontA_A"/>
  <testcase name="testRemove_invalidElement" time="0.0" classname="Test_2_emptyList_addToFrontA_A"/>
  <testcase name="testRemove_invalidIndex" time="0.0" classname="Test_2_emptyList_addToFrontA_A"/>
  <testcase name="testSet" time="0.0" classname="Test_2_emptyList_addToFrontA_A"/>
  <testcase name="testSize" time="0.0" classname="Test_2_emptyList_addToFrontA_A"/>
  <testcase name="testToString" time="0.001" classname="Test_2_emptyList_addToFrontA_A"/>
  <testcase name="testAdd" time="0.001" classname="Test_3_emptyList_addToRearA_A"/>
  <testcase name="testAddAfter_invalidElement" time="0.0" classname="Test_3_emptyList_addToRearA_A"/>
  <testcase name="testAddToFront" time="0.0" classname="Test_3_emptyList_addToRearA_A"/>
  <testcase name="testAddToRear" time="0.0" classname="Test_3_emptyList_addToRearA_A"/>
  <testcase name="testAdd_invalidIndex" time="0.0" classname="Test_3_emptyList_addToRearA_A"/>
  <testcase name="testAdd_invalidIndex" time="0.0" classname="Test_3_emptyList_addToRearA_A"/>
  <testcase name="testAdd_validIndex" time="0.0" classname="Test_3_emptyList_addToRearA_A"/>
  <testcase name="testContains_invalidElement" time="0.0" classname="Test_3_emptyList_addToRearA_A"/>
  <testcase name="testFirst" time="0.0" classname="Test_3_emptyList_addToRearA_A"/>
  <testcase name="testGet" time="0.001" classname="Test_3_emptyList_addToRearA_A"/>
  <testcase name="testIndexOf_invalidElement" time="0.0" classname="Test_3_emptyList_addToRearA_A"/>
  <testcase name="testIsEmpty" time="0.001" classname="Test_3_emptyList_addToRearA_A"/>
  <testcase name="testIterator" time="0.0" classname="Test_3_emptyList_addToRearA_A"/>
  <testcase name="testLast" time="0.001" classname="Test_3_emptyList_addToRearA_A"/>
  <testcase name="testListIterator" time="0.0" classname="Test_3_emptyList_addToRearA_A"/>
  <testcase name="testListIterator_invalidIndex" time="0.0" classname="Test_3_emptyList_addToRearA_A"/>
  <testcase name="testListIterator_validIndex" time="0.001" classname="Test_3_emptyList_addToRearA_A"/>
  <testcase name="testRemoveFirst" time="0.0" classname="Test_3_emptyList_addToRearA_A"/>
  <testcase name="testRemoveLast" time="0.001" classname="Test_3_emptyList_addToRearA_A"/>
  <testcase name="testRemove_invalidElement" time="0.0" classname="Test_3_emptyList_addToRearA_A"/>
  <testcase name="testRemove_invalidIndex" time="0.001" classname="Test_3_emptyList_addToRearA_A"/>
  <testcase name="testSet" time="0.0" classname="Test_3_emptyList_addToRearA_A"/>
  <testcase name="testSize" time="0.0" classname="Test_3_emptyList_addToRearA_A"/>
  <testcase name="testToString" time="0.0" classname="Test_3_emptyList_addToRearA_A"/>
  <testcase name="testAdd" time="0.0" classname="Test_4_emptyList_addA_A"/>
  <testcase name="testAddAfter_invalidElement" time="0.0" classname="Test_4_emptyList_addA_A"/>
  <testcase name="testAddToFront" time="0.001" classname="Test_4_emptyList_addA_A"/>
  <testcase name="testAddToRear" time="0.0" classname="Test_4_emptyList_addA_A"/>
  <testcase name="testAdd_invalidIndex" time="0.001" classname="Test_4_emptyList_addA_A"/>
  <testcase name="testAdd_invalidIndex" time="0.0" classname="Test_4_emptyList_addA_A"/>
  <testcase name="testAdd_validIndex" time="0.001" classname="Test_4_emptyList_addA_A"/>
  <testcase name="testContains_invalidElement" time="0.0" classname="Test_4_emptyList_addA_A"/>
  <testcase name="testFirst" time="0.001" classname="Test_4_emptyList_addA_A"/>
  <testcase name="testGet" time="0.0" classname="Test_4_emptyList_addA_A"/>
  <testcase name="testIndexOf_invalidElement" time="0.0" classname="Test_4_emptyList_addA_A"/>
  <testcase name="testIsEmpty" time="0.0" classname="Test_4_emptyList_addA_A"/>
  <testcase name="testIterator" time="0.001" classname="Test_4_emptyList_addA_A"/>
  <testcase name="testLast" time="0.0" classname="Test_4_emptyList_addA_A"/>
  <testcase name="testListIterator" time="0.0" classname="Test_4_emptyList_addA_A"/>
  <testcase name="testListIterator_invalidIndex" time="0.0" classname="Test_4_emptyList_addA_A"/>
  <testcase name="testListIterator_validIndex" time="0.0" classname="Test_4_emptyList_addA_A"/>
  <testcase name="testRemoveFirst" time="0.0" classname="Test_4_emptyList_addA_A"/>
  <testcase name="testRemoveLast" time="0.0" classname="Test_4_emptyList_addA_A"/>
  <testcase name="testRemove_invalidElement" time="0.0" classname="Test_4_emptyList_addA_A"/>
  <testcase name="testRemove_invalidIndex" time="0.0" classname="Test_4_emptyList_addA_A"/>
  <testcase name="testSet" time="0.0" classname="Test_4_emptyList_addA_A"/>
  <testcase name="testSize" time="0.0" classname="Test_4_emptyList_addA_A"/>
  <testcase name="testToString" time="0.001" classname="Test_4_emptyList_addA_A"/>
  <testcase name="testAdd" time="0.0" classname="Test_5_emptyList_add0A_A"/>
  <testcase name="testAddAfter_invalidElement" time="0.0" classname="Test_5_emptyList_add0A_A"/>
  <testcase name="testAddToFront" time="0.0" classname="Test_5_emptyList_add0A_A"/>
  <testcase name="testAddToRear" time="0.001" classname="Test_5_emptyList_add0A_A"/>
  <testcase name="testAdd_invalidIndex" time="0.0" classname="Test_5_emptyList_add0A_A"/>
  <testcase name="testAdd_invalidIndex" time="0.0" classname="Test_5_emptyList_add0A_A"/>
  <testcase name="testAdd_validIndex" time="0.0" classname="Test_5_emptyList_add0A_A"/>
  <testcase name="testContains_invalidElement" time="0.0" classname="Test_5_emptyList_add0A_A"/>
  <testcase name="testFirst" time="0.0" classname="Test_5_emptyList_add0A_A"/>
  <testcase name="testGet" time="0.0" classname="Test_5_emptyList_add0A_A"/>
  <testcase name="testIndexOf_invalidElement" time="0.0" classname="Test_5_emptyList_add0A_A"/>
  <testcase name="testIsEmpty" time="0.0" classname="Test_5_emptyList_add0A_A"/>
  <testcase name="testIterator" time="0.0" classname="Test_5_emptyList_add0A_A"/>
  <testcase name="testLast" time="0.0" classname="Test_5_emptyList_add0A_A"/>
  <testcase name="testListIterator" time="0.0" classname="Test_5_emptyList_add0A_A"/>
  <testcase name="testListIterator_invalidIndex" time="0.0" classname="Test_5_emptyList_add0A_A"/>
  <testcase name="testListIterator_validIndex" time="0.001" classname="Test_5_emptyList_add0A_A"/>
  <testcase name="testRemoveFirst" time="0.0" classname="Test_5_emptyList_add0A_A"/>
  <testcase name="testRemoveLast" time="0.0" classname="Test_5_emptyList_add0A_A"/>
  <testcase name="testRemove_invalidElement" time="0.0" classname="Test_5_emptyList_add0A_A"/>
  <testcase name="testRemove_invalidIndex" time="0.0" classname="Test_5_emptyList_add0A_A"/>
  <testcase name="testSet" time="0.0" classname="Test_5_emptyList_add0A_A"/>
  <testcase name="testSize" time="0.001" classname="Test_5_emptyList_add0A_A"/>
  <testcase name="testToString" time="0.0" classname="Test_5_emptyList_add0A_A"/>
  <testcase name="testAdd" time="0.0" classname="Test_7_A_addToRearB_AB"/>
  <testcase name="testAddAfter_invalidElement" time="0.0" classname="Test_7_A_addToRearB_AB"/>
  <testcase name="testAddAfter_validElement" time="0.0" classname="Test_7_A_addToRearB_AB"/>
  <testcase name="testAddAfter_validElement" time="0.0" classname="Test_7_A_addToRearB_AB"/>
  <testcase name="testAddToFront" time="0.0" classname="Test_7_A_addToRearB_AB"/>
  <testcase name="testAddToRear" time="0.001" classname="Test_7_A_addToRearB_AB"/>
  <testcase name="testAdd_invalidIndex" time="0.0" classname="Test_7_A_addToRearB_AB"/>
  <testcase name="testAdd_invalidIndex" time="0.001" classname="Test_7_A_addToRearB_AB"/>
  <testcase name="testAdd_validIndex" time="0.0" classname="Test_7_A_addToRearB_AB"/>
  <testcase name="testAdd_validIndex" time="0.001" classname="Test_7_A_addToRearB_AB"/>
  <testcase name="testAdd_validIndex" time="0.0" classname="Test_7_A_addToRearB_AB"/>
  <testcase name="testContains_invalidElement" time="0.0" classname="Test_7_A_addToRearB_AB"/>
  <testcase name="testContains_validElement" time="0.0" classname="Test_7_A_addToRearB_AB"/>
  <testcase name="testContains_validElement" time="0.0" classname="Test_7_A_addToRearB_AB"/>
  <testcase name="testFirst" time="0.0" classname="Test_7_A_addToRearB_AB"/>
  <testcase name="testGet_invalidIndex" time="0.001" classname="Test_7_A_addToRearB_AB"/>
  <testcase name="testGet_invalidIndex" time="0.0" classname="Test_7_A_addToRearB_AB"/>
  <testcase name="testGet_validIndex" time="0.0" classname="Test_7_A_addToRearB_AB"/>
  <testcase name="testGet_validIndex" time="0.0" classname="Test_7_A_addToRearB_AB"/>
  <testcase name="testIndexOf_invalidElement" time="0.001" classname="Test_7_A_addToRearB_AB"/>
  <testcase name="testIndexOf_validElement" time="0.0" classname="Test_7_A_addToRearB_AB"/>
  <testcase name="testIndexOf_validElement" time="0.0" classname="Test_7_A_addToRearB_AB"/>
  <testcase name="testIsEmpty" time="0.0" classname="Test_7_A_addToRearB_AB"/>
  <testcase name="testIterator" time="0.0" classname="Test_7_A_addToRearB_AB"/>
  <testcase name="testLast" time="0.0" classname="Test_7_A_addToRearB_AB"/>
  <testcase name="testListIterator" time="0.0" classname="Test_7_A_addToRearB_AB"/>
  <testcase name="testListIterator_invalidIndex" time="0.0" classname="Test_7_A_addToRearB_AB"/>
  <testcase name="testListIterator_invalidIndex" time="0.0" classname="Test_7_A_addToRearB_AB"/>
  <testcase name="testListIterator_validIndex" time="0.0" classname="Test_7_A_addToRearB_AB"/>
  <testcase name="testListIterator_validIndex" time="0.0" classname="Test_7_A_addToRearB_AB"/>
  <testcase name="testListIterator_validIndex" time="0.0" classname="Test_7_A_addToRearB_AB"/>
  <testcase name="testRemoveFirst" time="0.001" classname="Test_7_A_addToRearB_AB"/>
  <testcase name="testRemoveLast" time="0.0" classname="Test_7_A_addToRearB_AB"/>
  <testcase name="testRemove_invalidElement" time="0.001" classname="Test_7_A_addToRearB_AB"/>
  <testcase name="testRemove_invalidIndex" time="0.0" classname="Test_7_A_addToRearB_AB"/>
  <testcase name="testRemove_invalidIndex" time="0.0" classname="Test_7_A_addToRearB_AB"/>
  <testcase name="testRemove_validElement" time="0.0" classname="Test_7_A_addToRearB_AB"/>
  <testcase name="testRemove_validElement" time="0.0" classname="Test_7_A_addToRearB_AB"/>
  <testcase name="testRemove_validIndex" time="0.0" classname="Test_7_A_addToRearB_AB"/>
  <testcase name="testRemove_validIndex" time="0.001" classname="Test_7_A_addToRearB_AB"/>
  <testcase name="testSet_invalidIndex" time="0.0" classname="Test_7_A_addToRearB_AB"/>
  <testcase name="testSet_invalidIndex" time="0.0" classname="Test_7_A_addToRearB_AB"/>
  <testcase name="testSet_validIndex" time="0.0" classname="Test_7_A_addToRearB_AB"/>
  <testcase name="testSet_validIndex" time="0.0" classname="Test_7_A_addToRearB_AB"/>
  <testcase name="testSize" time="0.0" classname="Test_7_A_addToRearB_AB"/>
  <testcase name="testAdd" time="0.0" classname="Test_8_A_addAfterBA_AB"/>
  <testcase name="testAddAfter_invalidElement" time="0.001" classname="Test_8_A_addAfterBA_AB"/>
  <testcase name="testAddAfter_validElement" time="0.0" classname="Test_8_A_addAfterBA_AB"/>
  <testcase name="testAddAfter_validElement" time="0.001" classname="Test_8_A_addAfterBA_AB"/>
  <testcase name="testAddToFront" time="0.0" classname="Test_8_A_addAfterBA_AB"/>
  <testcase name="testAddToRear" time="0.0" classname="Test_8_A_addAfterBA_AB"/>
  <testcase name="testAdd_invalidIndex" time="0.0" classname="Test_8_A_addAfterBA_AB"/>
  <testcase name="testAdd_invalidIndex" time="0.0" classname="Test_8_A_addAfterBA_AB"/>
  <testcase name="testAdd_validIndex" time="0.0" classname="Test_8_A_addAfterBA_AB"/>
  <testcase name="testAdd_validIndex" time="0.0" classname="Test_8_A_addAfterBA_AB"/>
  <testcase name="testAdd_validIndex" time="0.0" classname="Test_8_A_addAfterBA_AB"/>
  <testcase name="testContains_invalidElement" time="0.0" classname="Test_8_A_addAfterBA_AB"/>
  <testcase name="testContains_validElement" time="0.001" classname="Test_8_A_addAfterBA_AB"/>
  <testcase name="testContains_validElement" time="0.0" classname="Test_8_A_addAfterBA_AB"/>
  <testcase name="testFirst" time="0.0" classname="Test_8_A_addAfterBA_AB"/>
  <testcase name="testGet_invalidIndex" time="0.0" classname="Test_8_A_addAfterBA_AB"/>
  <testcase name="testGet_invalidIndex" time="0.0" classname="Test_8_A_addAfterBA_AB"/>
  <testcase name="testGet_validIndex" time="0.0" classname="Test_8_A_addAfterBA_AB"/>
  <testcase name="testGet_validIndex" time="0.0" classname="Test_8_A_addAfterBA_AB"/>
  <testcase name="testIndexOf_invalidElement" time="0.0" classname="Test_8_A_addAfterBA_AB"/>
  <testcase name="testIndexOf_validElement" time="0.0" classname="Test_8_A_addAfterBA_AB"/>
  <testcase name="testIndexOf_validElement" time="0.0" classname="Test_8_A_addAfterBA_AB"/>
  <testcase name="testIsEmpty" time="0.0" classname="Test_8_A_addAfterBA_AB"/>
  <testcase name="testIterator" time="0.0" classname="Test_8_A_addAfterBA_AB"/>
  <testcase name="testLast" time="0.001" classname="Test_8_A_addAfterBA_AB"/>
  <testcase name="testListIterator" time="0.0" classname="Test_8_A_addAfterBA_AB"/>
  <testcase name="testListIterator_invalidIndex" time="0.0" classname="Test_8_A_addAfterBA_AB"/>
  <testcase name="testListIterator_invalidIndex" time="0.0" classname="Test_8_A_addAfterBA_AB"/>
  <testcase name="testListIterator_validIndex" time="0.0" classname="Test_8_A_addAfterBA_AB"/>
  <testcase name="testListIterator_validIndex" time="0.0" classname="Test_8_A_addAfterBA_AB"/>
  <testcase name="testListIterator_validIndex" time="0.0" classname="Test_8_A_addAfterBA_AB"/>
  <testcase name="testRemoveFirst" time="0.0" classname="Test_8_A_addAfterBA_AB"/>
  <testcase name="testRemoveLast" time="0.001" classname="Test_8_A_addAfterBA_AB"/>
  <testcase name="testRemove_invalidElement" time="0.0" classname="Test_8_A_addAfterBA_AB"/>
  <testcase name="testRemove_invalidIndex" time="0.001" classname="Test_8_A_addAfterBA_AB"/>
  <testcase name="testRemove_invalidIndex" time="0.0" classname="Test_8_A_addAfterBA_AB"/>
  <testcase name="testRemove_validElement" time="0.0" classname="Test_8_A_addAfterBA_AB"/>
  <testcase name="testRemove_validElement" time="0.001" classname="Test_8_A_addAfterBA_AB"/>
  <testcase name="testRemove_validIndex" time="0.0" classname="Test_8_A_addAfterBA_AB"/>
  <testcase name="testRemove_validIndex" time="0.0" classname="Test_8_A_addAfterBA_AB"/>
  <testcase name="testSet_invalidIndex" time="0.0" classname="Test_8_A_addAfterBA_AB"/>
  <testcase name="testSet_invalidIndex" time="0.0" classname="Test_8_A_addAfterBA_AB"/>
  <testcase name="testSet_validIndex" time="0.001" classname="Test_8_A_addAfterBA_AB"/>
  <testcase name="testSet_validIndex" time="0.0" classname="Test_8_A_addAfterBA_AB"/>
  <testcase name="testSize" time="0.0" classname="Test_8_A_addAfterBA_AB"/>
  <testcase name="testAdd" time="0.0" classname="Test_9_A_addB_AB"/>
  <testcase name="testAddAfter_invalidElement" time="0.001" classname="Test_9_A_addB_AB"/>
  <testcase name="testAddAfter_validElement" time="0.0" classname="Test_9_A_addB_AB"/>
  <testcase name="testAddAfter_validElement" time="0.0" classname="Test_9_A_addB_AB"/>
  <testcase name="testAddToFront" time="0.0" classname="Test_9_A_addB_AB"/>
  <testcase name="testAddToRear" time="0.0" classname="Test_9_A_addB_AB"/>
  <testcase name="testAdd_invalidIndex" time="0.0" classname="Test_9_A_addB_AB"/>
  <testcase name="testAdd_invalidIndex" time="0.0" classname="Test_9_A_addB_AB"/>
  <testcase name="testAdd_validIndex" time="0.0" classname="Test_9_A_addB_AB"/>
  <testcase name="testAdd_validIndex" time="0.0" classname="Test_9_A_addB_AB"/>
  <testcase name="testAdd_validIndex" time="0.0" classname="Test_9_A_addB_AB"/>
  <testcase name="testContains_invalidElement" time="0.001" classname="Test_9_A_addB_AB"/>
  <testcase name="testContains_validElement" time="0.0" classname="Test_9_A_addB_AB"/>
  <testcase name="testContains_validElement" time="0.0" classname="Test_9_A_addB_AB"/>
  <testcase name="testFirst" time="0.0" classname="Test_9_A_addB_AB"/>
  <testcase name="testGet_invalidIndex" time="0.001" classname="Test_9_A_addB_AB"/>
  <testcase name="testGet_invalidIndex" time="0.0" classname="Test_9_A_addB_AB"/>
  <testcase name="testGet_validIndex" time="0.0" classname="Test_9_A_addB_AB"/>
  <testcase name="testGet_validIndex" time="0.0" classname="Test_9_A_addB_AB"/>
  <testcase name="testIndexOf_invalidElement" time="0.0" classname="Test_9_A_addB_AB"/>
  <testcase name="testIndexOf_validElement" time="0.001" classname="Test_9_A_addB_AB"/>
  <testcase name="testIndexOf_validElement" time="0.0" classname="Test_9_A_addB_AB"/>
  <testcase name="testIsEmpty" time="0.0" classname="Test_9_A_addB_AB"/>
  <testcase name="testIterator" time="0.0" classname="Test_9_A_addB_AB"/>
  <testcase name="testLast" time="0.0" classname="Test_9_A_addB_AB"/>
  <testcase name="testListIterator" time="0.0" classname="Test_9_A_addB_AB"/>
  <testcase name="testListIterator_invalidIndex" time="0.001" classname="Test_9_A_addB_AB"/>
  <testcase name="testListIterator_invalidIndex" time="0.0" classname="Test_9_A_addB_AB"/>
  <testcase name="testListIterator_validIndex" time="0.0" classname="Test_9_A_addB_AB"/>
  <testcase name="testListIterator_validIndex" time="0.0" classname="Test_9_A_addB_AB"/>
  <testcase name="testListIterator_validIndex" time="0.0" classname="Test_9_A_addB_AB"/>
  <testcase name="testRemoveFirst" time="0.0" classname="Test_9_A_addB_AB"/>
  <testcase name="testRemoveLast" time="0.0" classname="Test_9_A_addB_AB"/>
  <testcase name="testRemove_invalidElement" time="0.0" classname="Test_9_A_addB_AB"/>
  <testcase name="testRemove_invalidIndex" time="0.0" classname="Test_9_A_addB_AB"/>
  <testcase name="testRemove_invalidIndex" time="0.0" classname="Test_9_A_addB_AB"/>
  <testcase name="testRemove_validElement" time="0.0" classname="Test_9_A_addB_AB"/>
  <testcase name="testRemove_validElement" time="0.0" classname="Test_9_A_addB_AB"/>
  <testcase name="testRemove_validIndex" time="0.0" classname="Test_9_A_addB_AB"/>
  <testcase name="testRemove_validIndex" time="0.0" classname="Test_9_A_addB_AB"/>
  <testcase name="testSet_invalidIndex" time="0.0" classname="Test_9_A_addB_AB"/>
  <testcase name="testSet_invalidIndex" time="0.0" classname="Test_9_A_addB_AB"/>
  <testcase name="testSet_validIndex" time="0.0" classname="Test_9_A_addB_AB"/>
  <testcase name="testSet_validIndex" time="0.0" classname="Test_9_A_addB_AB"/>
  <testcase name="testSize" time="0.001" classname="Test_9_A_addB_AB"/>
  <testcase name="testAdd" time="0.001" classname="Test_10_A_add0B_BA"/>
  <testcase name="testAddAfter_invalidElement" time="0.0" classname="Test_10_A_add0B_BA"/>
  <testcase name="testAddAfter_validElement" time="0.0" classname="Test_10_A_add0B_BA"/>
  <testcase name="testAddAfter_validElement" time="0.0" classname="Test_10_A_add0B_BA"/>
  <testcase name="testAddToFront" time="0.001" classname="Test_10_A_add0B_BA"/>
  <testcase name="testAddToRear" time="0.0" classname="Test_10_A_add0B_BA"/>
  <testcase name="testAdd_invalidIndex" time="0.0" classname="Test_10_A_add0B_BA"/>
  <testcase name="testAdd_invalidIndex" time="0.0" classname="Test_10_A_add0B_BA"/>
  <testcase name="testAdd_validIndex" time="0.0" classname="Test_10_A_add0B_BA"/>
  <testcase name="testAdd_validIndex" time="0.0" classname="Test_10_A_add0B_BA"/>
  <testcase name="testAdd_validIndex" time="0.0" classname="Test_10_A_add0B_BA"/>
  <testcase name="testContains_invalidElement" time="0.001" classname="Test_10_A_add0B_BA"/>
  <testcase name="testContains_validElement" time="0.0" classname="Test_10_A_add0B_BA"/>
  <testcase name="testContains_validElement" time="0.0" classname="Test_10_A_add0B_BA"/>
  <testcase name="testFirst" time="0.0" classname="Test_10_A_add0B_BA"/>
  <testcase name="testGet_invalidIndex" time="0.0" classname="Test_10_A_add0B_BA"/>
  <testcase name="testGet_invalidIndex" time="0.0" classname="Test_10_A_add0B_BA"/>
  <testcase name="testGet_validIndex" time="0.001" classname="Test_10_A_add0B_BA"/>
  <testcase name="testGet_validIndex" time="0.0" classname="Test_10_A_add0B_BA"/>
  <testcase name="testIndexOf_invalidElement" time="0.0" classname="Test_10_A_add0B_BA"/>
  <testcase name="testIndexOf_validElement" time="0.0" classname="Test_10_A_add0B_BA"/>
  <testcase name="testIndexOf_validElement" time="0.0" classname="Test_10_A_add0B_BA"/>
  <testcase name="testIsEmpty" time="0.0" classname="Test_10_A_add0B_BA"/>
  <testcase name="testIterator" time="0.0" classname="Test_10_A_add0B_BA"/>
  <testcase name="testLast" time="0.001" classname="Test_10_A_add0B_BA"/>
  <testcase name="testListIterator" time="0.0" classname="Test_10_A_add0B_BA"/>
  <testcase name="testListIterator_invalidIndex" time="0.001" classname="Test_10_A_add0B_BA"/>
  <testcase name="testListIterator_invalidIndex" time="0.0" classname="Test_10_A_add0B_BA"/>
  <testcase name="testListIterator_validIndex" time="0.0" classname="Test_10_A_add0B_BA"/>
  <testcase name="testListIterator_validIndex" time="0.0" classname="Test_10_A_add0B_BA"/>
  <testcase name="testListIterator_validIndex" time="0.0" classname="Test_10_A_add0B_BA"/>
  <testcase name="testRemoveFirst" time="0.0" classname="Test_10_A_add0B_BA"/>
  <testcase name="testRemoveLast" time="0.0" classname="Test_10_A_add0B_BA"/>
  <testcase name="testRemove_invalidElement" time="0.0" classname="Test_10_A_add0B_BA"/>
  <testcase name="testRemove_invalidIndex" time="0.0" classname="Test_10_A_add0B_BA"/>
  <testcase name="testRemove_invalidIndex" time="0.001" classname="Test_10_A_add0B_BA"/>
  <testcase name="testRemove_validElement" time="0.0" classname="Test_10_A_add0B_BA"/>
  <testcase name="testRemove_validElement" time="0.0" classname="Test_10_A_add0B_BA"/>
  <testcase name="testRemove_validIndex" time="0.001" classname="Test_10_A_add0B_BA"/>
  <testcase name="testRemove_validIndex" time="0.0" classname="Test_10_A_add0B_BA"/>
  <testcase name="testSet_invalidIndex" time="0.0" classname="Test_10_A_add0B_BA"/>
  <testcase name="testSet_invalidIndex" time="0.001" classname="Test_10_A_add0B_BA"/>
  <testcase name="testSet_validIndex" time="0.0" classname="Test_10_A_add0B_BA"/>
  <testcase name="testSet_validIndex" time="0.001" classname="Test_10_A_add0B_BA"/>
  <testcase name="testSize" time="0.0" classname="Test_10_A_add0B_BA"/>
  <testcase name="testAdd" time="0.0" classname="Test_11_A_add1B_AB"/>
  <testcase name="testAddAfter_invalidElement" time="0.0" classname="Test_11_A_add1B_AB"/>
  <testcase name="testAddAfter_validElement" time="0.0" classname="Test_11_A_add1B_AB"/>
  <testcase name="testAddAfter_validElement" time="0.0" classname="Test_11_A_add1B_AB"/>
  <testcase name="testAddToFront" time="0.0" classname="Test_11_A_add1B_AB"/>
  <testcase name="testAddToRear" time="0.0" classname="Test_11_A_add1B_AB"/>
  <testcase name="testAdd_invalidIndex" time="0.0" classname="Test_11_A_add1B_AB"/>
  <testcase name="testAdd_invalidIndex" time="0.0" classname="Test_11_A_add1B_AB"/>
  <testcase name="testAdd_validIndex" time="0.0" classname="Test_11_A_add1B_AB"/>
  <testcase name="testAdd_validIndex" time="0.0" classname="Test_11_A_add1B_AB"/>
  <testcase name="testAdd_validIndex" time="0.0" classname="Test_11_A_add1B_AB"/>
  <testcase name="testContains_invalidElement" time="0.0" classname="Test_11_A_add1B_AB"/>
  <testcase name="testContains_validElement" time="0.0" classname="Test_11_A_add1B_AB"/>
  <testcase name="testContains_validElement" time="0.0" classname="Test_11_A_add1B_AB"/>
  <testcase name="testFirst" time="0.0" classname="Test_11_A_add1B_AB"/>
  <testcase name="testGet_invalidIndex" time="0.0" classname="Test_11_A_add1B_AB"/>
  <testcase name="testGet_invalidIndex" time="0.0" classname="Test_11_A_add1B_AB"/>
  <testcase name="testGet_validIndex" time="0.0" classname="Test_11_A_add1B_AB"/>
  <testcase name="testGet_validIndex" time="0.0" classname="Test_11_A_add1B_AB"/>
  <testcase name="testIndexOf_invalidElement" time="0.0" classname="Test_11_A_add1B_AB"/>
  <testcase name="testIndexOf_validElement" time="0.0" classname="Test_11_A_add1B_AB"/>
  <testcase name="testIndexOf_validElement" time="0.0" classname="Test_11_A_add1B_AB"/>
  <testcase name="testIsEmpty" time="0.0" classname="Test_11_A_add1B_AB"/>
  <testcase name="testIterator" time="0.0" classname="Test_11_A_add1B_AB"/>
  <testcase name="testLast" time="0.0" classname="Test_11_A_add1B_AB"/>
  <testcase name="testListIterator" time="0.0" classname="Test_11_A_add1B_AB"/>
  <testcase name="testListIterator_invalidIndex" time="0.001" classname="Test_11_A_add1B_AB"/>
  <testcase name="testListIterator_invalidIndex" time="0.0" classname="Test_11_A_add1B_AB"/>
  <testcase name="testListIterator_validIndex" time="0.0" classname="Test_11_A_add1B_AB"/>
  <testcase name="testListIterator_validIndex" time="0.0" classname="Test_11_A_add1B_AB"/>
  <testcase name="testListIterator_validIndex" time="0.0" classname="Test_11_A_add1B_AB"/>
  <testcase name="testRemoveFirst" time="0.0" classname="Test_11_A_add1B_AB"/>
  <testcase name="testRemoveLast" time="0.0" classname="Test_11_A_add1B_AB"/>
  <testcase name="testRemove_invalidElement" time="0.0" classname="Test_11_A_add1B_AB"/>
  <testcase name="testRemove_invalidIndex" time="0.0" classname="Test_11_A_add1B_AB"/>
  <testcase name="testRemove_invalidIndex" time="0.001" classname="Test_11_A_add1B_AB"/>
  <testcase name="testRemove_validElement" time="0.0" classname="Test_11_A_add1B_AB"/>
  <testcase name="testRemove_validElement" time="0.001" classname="Test_11_A_add1B_AB"/>
  <testcase name="testRemove_validIndex" time="0.0" classname="Test_11_A_add1B_AB"/>
  <testcase name="testRemove_validIndex" time="0.001" classname="Test_11_A_add1B_AB"/>
  <testcase name="testSet_invalidIndex" time="0.0" classname="Test_11_A_add1B_AB"/>
  <testcase name="testSet_invalidIndex" time="0.0" classname="Test_11_A_add1B_AB"/>
  <testcase name="testSet_validIndex" time="0.0" classname="Test_11_A_add1B_AB"/>
  <testcase name="testSet_validIndex" time="0.0" classname="Test_11_A_add1B_AB"/>
  <testcase name="testSize" time="0.0" classname="Test_11_A_add1B_AB"/>
  <testcase name="testAdd" time="0.0" classname="Test_16_A_set0B_B"/>
  <testcase name="testAddAfter_invalidElement" time="0.0" classname="Test_16_A_set0B_B"/>
  <testcase name="testAddAfter_validElement" time="0.0" classname="Test_16_A_set0B_B"/>
  <testcase name="testAddToFront" time="0.0" classname="Test_16_A_set0B_B"/>
  <testcase name="testAddToRear" time="0.0" classname="Test_16_A_set0B_B"/>
  <testcase name="testAdd_invalidIndex" time="0.0" classname="Test_16_A_set0B_B"/>
  <testcase name="testAdd_invalidIndex" time="0.0" classname="Test_16_A_set0B_B"/>
  <testcase name="testAdd_validIndex" time="0.0" classname="Test_16_A_set0B_B"/>
  <testcase name="testAdd_validIndex" time="0.001" classname="Test_16_A_set0B_B"/>
  <testcase name="testContains_invalidElement" time="0.0" classname="Test_16_A_set0B_B"/>
  <testcase name="testContains_validElement" time="0.0" classname="Test_16_A_set0B_B"/>
  <testcase name="testFirst" time="0.0" classname="Test_16_A_set0B_B"/>
  <testcase name="testGet_invalidIndex" time="0.0" classname="Test_16_A_set0B_B"/>
  <testcase name="testGet_invalidIndex" time="0.0" classname="Test_16_A_set0B_B"/>
  <testcase name="testGet_validIndex" time="0.001" classname="Test_16_A_set0B_B"/>
  <testcase name="testIndexOf_invalidElement" time="0.0" classname="Test_16_A_set0B_B"/>
  <testcase name="testIndexOf_validElement" time="0.0" classname="Test_16_A_set0B_B"/>
  <testcase name="testIsEmpty" time="0.0" classname="Test_16_A_set0B_B"/>
  <testcase name="testIterator" time="0.001" classname="Test_16_A_set0B_B"/>
  <testcase name="testLast" time="0.0" classname="Test_16_A_set0B_B"/>
  <testcase name="testListIterator" time="0.0" classname="Test_16_A_set0B_B"/>
  <testcase name="testListIterator_invalidIndex" time="0.0" classname="Test_16_A_set0B_B"/>
  <testcase name="testListIterator_invalidIndex" time="0.0" classname="Test_16_A_set0B_B"/>
  <testcase name="testListIterator_validIndex" time="0.0" classname="Test_16_A_set0B_B"/>
  <testcase name="testListIterator_validIndex" time="0.0" classname="Test_16_A_set0B_B"/>
  <testcase name="testRemoveFirst" time="0.0" classname="Test_16_A_set0B_B"/>
  <testcase name="testRemoveLast" time="0.0" classname="Test_16_A_set0B_B"/>
  <testcase name="testRemove_invalidElement" time="0.0" classname="Test_16_A_set0B_B"/>
  <testcase name="testRemove_invalidIndex" time="0.0" classname="Test_16_A_set0B_B"/>
  <testcase name="testRemove_invalidIndex" time="0.0" classname="Test_16_A_set0B_B"/>
  <testcase name="testRemove_validElement" time="0.0" classname="Test_16_A_set0B_B"/>
  <testcase name="testRemove_validIndex" time="0.0" classname="Test_16_A_set0B_B"/>
  <testcase name="testSet_invalidIndex" time="0.0" classname="Test_16_A_set0B_B"/>
  <testcase name="testSet_invalidIndex" time="0.0" classname="Test_16_A_set0B_B"/>
  <testcase name="testSet_validIndex" time="0.0" classname="Test_16_A_set0B_B"/>
  <testcase name="testSize" time="0.0" classname="Test_16_A_set0B_B"/>
  <testcase name="testAdd" time="0.001" classname="Test_17_AB_addToFrontC_CAB"/>
  <testcase name="testAddAfter_invalidElement" time="0.0" classname="Test_17_AB_addToFrontC_CAB"/>
  <testcase name="testAddAfter_validElement" time="0.0" classname="Test_17_AB_addToFrontC_CAB"/>
  <testcase name="testAddAfter_validElement" time="0.0" classname="Test_17_AB_addToFrontC_CAB"/>
  <testcase name="testAddAfter_validElement" time="0.0" classname="Test_17_AB_addToFrontC_CAB"/>
  <testcase name="testAddToFront" time="0.0" classname="Test_17_AB_addToFrontC_CAB"/>
  <testcase name="testAddToRear" time="0.0" classname="Test_17_AB_addToFrontC_CAB"/>
  <testcase name="testAdd_invalidIndex" time="0.0" classname="Test_17_AB_addToFrontC_CAB"/>
  <testcase name="testAdd_invalidIndex" time="0.0" classname="Test_17_AB_addToFrontC_CAB"/>
  <testcase name="testAdd_validIndex" time="0.0" classname="Test_17_AB_addToFrontC_CAB"/>
  <testcase name="testAdd_validIndex" time="0.0" classname="Test_17_AB_addToFrontC_CAB"/>
  <testcase name="testAdd_validIndex" time="0.001" classname="Test_17_AB_addToFrontC_CAB"/>
  <testcase name="testAdd_validIndex" time="0.0" classname="Test_17_AB_addToFrontC_CAB"/>
  <testcase name="testContains_invalidElement" time="0.001" classname="Test_17_AB_addToFrontC_CAB"/>
  <testcase name="testContains_validElement" time="0.0" classname="Test_17_AB_addToFrontC_CAB"/>
  <testcase name="testContains_validElement" time="0.0" classname="Test_17_AB_addToFrontC_CAB"/>
  <testcase name="testContains_validElement" time="0.0" classname="Test_17_AB_addToFrontC_CAB"/>
  <testcase name="testFirst" time="0.001" classname="Test_17_AB_addToFrontC_CAB"/>
  <testcase name="testGet_invalidIndex" time="0.0" classname="Test_17_AB_addToFrontC_CAB"/>
  <testcase name="testGet_invalidIndex" time="0.0" classname="Test_17_AB_addToFrontC_CAB"/>
  <testcase name="testGet_validIndex" time="0.0" classname="Test_17_AB_addToFrontC_CAB"/>
  <testcase name="testGet_validIndex" time="0.0" classname="Test_17_AB_addToFrontC_CAB"/>
  <testcase name="testGet_validIndex" time="0.0" classname="Test_17_AB_addToFrontC_CAB"/>
  <testcase name="testIndexOf_invalidElement" time="0.001" classname="Test_17_AB_addToFrontC_CAB"/>
  <testcase name="testIndexOf_validElement" time="0.0" classname="Test_17_AB_addToFrontC_CAB"/>
  <testcase name="testIndexOf_validElement" time="0.0" classname="Test_17_AB_addToFrontC_CAB"/>
  <testcase name="testIndexOf_validElement" time="0.0" classname="Test_17_AB_addToFrontC_CAB"/>
  <testcase name="testIsEmpty" time="0.0" classname="Test_17_AB_addToFrontC_CAB"/>
  <testcase name="testIterator" time="0.0" classname="Test_17_AB_addToFrontC_CAB"/>
  <testcase name="testLast" time="0.0" classname="Test_17_AB_addToFrontC_CAB"/>
  <testcase name="testListIterator" time="0.0" classname="Test_17_AB_addToFrontC_CAB"/>
  <testcase name="testListIterator_invalidIndex" time="0.0" classname="Test_17_AB_addToFrontC_CAB"/>
  <testcase name="testListIterator_invalidIndex" time="0.0" classname="Test_17_AB_addToFrontC_CAB"/>
  <testcase name="testListIterator_validIndex" time="0.0" classname="Test_17_AB_addToFrontC_CAB"/>
  <testcase name="testListIterator_validIndex" time="0.0" classname="Test_17_AB_addToFrontC_CAB"/>
  <testcase name="testListIterator_validIndex" time="0.001" classname="Test_17_AB_addToFrontC_CAB"/>
  <testcase name="testListIterator_validIndex" time="0.0" classname="Test_17_AB_addToFrontC_CAB"/>
  <testcase name="testRemoveFirst" time="0.0" classname="Test_17_AB_addToFrontC_CAB"/>
  <testcase name="testRemoveLast" time="0.0" classname="Test_17_AB_addToFrontC_CAB"/>
  <testcase name="testRemove_invalidElement" time="0.001" classname="Test_17_AB_addToFrontC_CAB"/>
  <testcase name="testRemove_invalidIndex" time="0.0" classname="Test_17_AB_addToFrontC_CAB"/>
  <testcase name="testRemove_invalidIndex" time="0.0" classname="Test_17_AB_addToFrontC_CAB"/>
  <testcase name="testRemove_validElement" time="0.0" classname="Test_17_AB_addToFrontC_CAB"/>
  <testcase name="testRemove_validElement" time="0.0" classname="Test_17_AB_addToFrontC_CAB"/>
  <testcase name="testRemove_validElement" time="0.0" classname="Test_17_AB_addToFrontC_CAB"/>
  <testcase name="testRemove_validIndex" time="0.0" classname="Test_17_AB_addToFrontC_CAB"/>
  <testcase name="testRemove_validIndex" time="0.0" classname="Test_17_AB_addToFrontC_CAB"/>
  <testcase name="testRemove_validIndex" time="0.001" classname="Test_17_AB_addToFrontC_CAB"/>
  <testcase name="testSet_invalidIndex" time="0.0" classname="Test_17_AB_addToFrontC_CAB"/>
  <testcase name="testSet_invalidIndex" time="0.0" classname="Test_17_AB_addToFrontC_CAB"/>
  <testcase name="testSet_validIndex" time="0.0" classname="Test_17_AB_addToFrontC_CAB"/>
  <testcase name="testSet_validIndex" time="0.0" classname="Test_17_AB_addToFrontC_CAB"/>
  <testcase name="testSet_validIndex" time="0.0" classname="Test_17_AB_addToFrontC_CAB"/>
  <testcase name="testSize" time="0.0" classname="Test_17_AB_addToFrontC_CAB"/>
  <testcase name="testAdd" time="0.001" classname="Test_19_AB_addAfterCA_ACB"/>
  <testcase name="testAddAfter_invalidElement" time="0.0" classname="Test_19_AB_addAfterCA_ACB"/>
  <testcase name="testAddAfter_validElement" time="0.0" classname="Test_19_AB_addAfterCA_ACB"/>
  <testcase name="testAddAfter_validElement" time="0.0" classname="Test_19_AB_addAfterCA_ACB"/>
  <testcase name="testAddAfter_validElement" time="0.0" classname="Test_19_AB_addAfterCA_ACB"/>
  <testcase name="testAddToFront" time="0.0" classname="Test_19_AB_addAfterCA_ACB"/>
  <testcase name="testAddToRear" time="0.0" classname="Test_19_AB_addAfterCA_ACB"/>
  <testcase name="testAdd_invalidIndex" time="0.0" classname="Test_19_AB_addAfterCA_ACB"/>
  <testcase name="testAdd_invalidIndex" time="0.0" classname="Test_19_AB_addAfterCA_ACB"/>
  <testcase name="testAdd_validIndex" time="0.0" classname="Test_19_AB_addAfterCA_ACB"/>
  <testcase name="testAdd_validIndex" time="0.0" classname="Test_19_AB_addAfterCA_ACB"/>
  <testcase name="testAdd_validIndex" time="0.0" classname="Test_19_AB_addAfterCA_ACB"/>
  <testcase name="testAdd_validIndex" time="0.0" classname="Test_19_AB_addAfterCA_ACB"/>
  <testcase name="testContains_invalidElement" time="0.0" classname="Test_19_AB_addAfterCA_ACB"/>
  <testcase name="testContains_validElement" time="0.0" classname="Test_19_AB_addAfterCA_ACB"/>
  <testcase name="testContains_validElement" time="0.0" classname="Test_19_AB_addAfterCA_ACB"/>
  <testcase name="testContains_validElement" time="0.0" classname="Test_19_AB_addAfterCA_ACB"/>
  <testcase name="testFirst" time="0.0" classname="Test_19_AB_addAfterCA_ACB"/>
  <testcase name="testGet_invalidIndex" time="0.0" classname="Test_19_AB_addAfterCA_ACB"/>
  <testcase name="testGet_invalidIndex" time="0.0" classname="Test_19_AB_addAfterCA_ACB"/>
  <testcase name="testGet_validIndex" time="0.0" classname="Test_19_AB_addAfterCA_ACB"/>
  <testcase name="testGet_validIndex" time="0.0" classname="Test_19_AB_addAfterCA_ACB"/>
  <testcase name="testGet_validIndex" time="0.0" classname="Test_19_AB_addAfterCA_ACB"/>
  <testcase name="testIndexOf_invalidElement" time="0.0" classname="Test_19_AB_addAfterCA_ACB"/>
  <testcase name="testIndexOf_validElement" time="0.0" classname="Test_19_AB_addAfterCA_ACB"/>
  <testcase name="testIndexOf_validElement" time="0.0" classname="Test_19_AB_addAfterCA_ACB"/>
  <testcase name="testIndexOf_validElement" time="0.0" classname="Test_19_AB_addAfterCA_ACB"/>
  <testcase name="testIsEmpty" time="0.0" classname="Test_19_AB_addAfterCA_ACB"/>
  <testcase name="testIterator" time="0.0" classname="Test_19_AB_addAfterCA_ACB"/>
  <testcase name="testLast" time="0.0" classname="Test_19_AB_addAfterCA_ACB"/>
  <testcase name="testListIterator" time="0.0" classname="Test_19_AB_addAfterCA_ACB"/>
  <testcase name="testListIterator_invalidIndex" time="0.001" classname="Test_19_AB_addAfterCA_ACB"/>
  <testcase name="testListIterator_invalidIndex" time="0.0" classname="Test_19_AB_addAfterCA_ACB"/>
  <testcase name="testListIterator_validIndex" time="0.0" classname="Test_19_AB_addAfterCA_ACB"/>
  <testcase name="testListIterator_validIndex" time="0.0" classname="Test_19_AB_addAfterCA_ACB"/>
  <testcase name="testListIterator_validIndex" time="0.0" classname="Test_19_AB_addAfterCA_ACB"/>
  <testcase name="testListIterator_validIndex" time="0.0" classname="Test_19_AB_addAfterCA_ACB"/>
  <testcase name="testRemoveFirst" time="0.001" classname="Test_19_AB_addAfterCA_ACB"/>
  <testcase name="testRemoveLast" time="0.0" classname="Test_19_AB_addAfterCA_ACB"/>
  <testcase name="testRemove_invalidElement" time="0.0" classname="Test_19_AB_addAfterCA_ACB"/>
  <testcase name="testRemove_invalidIndex" time="0.0" classname="Test_19_AB_addAfterCA_ACB"/>
  <testcase name="testRemove_invalidIndex" time="0.0" classname="Test_19_AB_addAfterCA_ACB"/>
  <testcase name="testRemove_validElement" time="0.001" classname="Test_19_AB_addAfterCA_ACB"/>
  <testcase name="testRemove_validElement" time="0.0" classname="Test_19_AB_addAfterCA_ACB"/>
  <testcase name="testRemove_validElement" time="0.0" classname="Test_19_AB_addAfterCA_ACB"/>
  <testcase name="testRemove_validIndex" time="0.0" classname="Test_19_AB_addAfterCA_ACB"/>
  <testcase name="testRemove_validIndex" time="0.0" classname="Test_19_AB_addAfterCA_ACB"/>
  <testcase name="testRemove_validIndex" time="0.0" classname="Test_19_AB_addAfterCA_ACB"/>
  <testcase name="testSet_invalidIndex" time="0.0" classname="Test_19_AB_addAfterCA_ACB"/>
  <testcase name="testSet_invalidIndex" time="0.0" classname="Test_19_AB_addAfterCA_ACB"/>
  <testcase name="testSet_validIndex" time="0.0" classname="Test_19_AB_addAfterCA_ACB"/>
  <testcase name="testSet_validIndex" time="0.0" classname="Test_19_AB_addAfterCA_ACB"/>
  <testcase name="testSet_validIndex" time="0.0" classname="Test_19_AB_addAfterCA_ACB"/>
  <testcase name="testSize" time="0.0" classname="Test_19_AB_addAfterCA_ACB"/>
  <testcase name="testAdd" time="0.0" classname="Test_27_AB_removeA_B"/>
  <testcase name="testAddAfter_invalidElement" time="0.0" classname="Test_27_AB_removeA_B"/>
  <testcase name="testAddAfter_validElement" time="0.0" classname="Test_27_AB_removeA_B"/>
  <testcase name="testAddToFront" time="0.0" classname="Test_27_AB_removeA_B"/>
  <testcase name="testAddToRear" time="0.0" classname="Test_27_AB_removeA_B"/>
  <testcase name="testAdd_invalidIndex" time="0.0" classname="Test_27_AB_removeA_B"/>
  <testcase name="testAdd_invalidIndex" time="0.0" classname="Test_27_AB_removeA_B"/>
  <testcase name="testAdd_validIndex" time="0.0" classname="Test_27_AB_removeA_B"/>
  <testcase name="testAdd_validIndex" time="0.0" classname="Test_27_AB_removeA_B"/>
  <testcase name="testContains_invalidElement" time="0.0" classname="Test_27_AB_removeA_B"/>
  <testcase name="testContains_validElement" time="0.0" classname="Test_27_AB_removeA_B"/>
  <testcase name="testFirst" time="0.001" classname="Test_27_AB_removeA_B"/>
  <testcase name="testGet_invalidIndex" time="0.0" classname="Test_27_AB_removeA_B"/>
  <testcase name="testGet_invalidIndex" time="0.0" classname="Test_27_AB_removeA_B"/>
  <testcase name="testGet_validIndex" time="0.0" classname="Test_27_AB_removeA_B"/>
  <testcase name="testIndexOf_invalidElement" time="0.0" classname="Test_27_AB_removeA_B"/>
  <testcase name="testIndexOf_validElement" time="0.0" classname="Test_27_AB_removeA_B"/>
  <testcase name="testIsEmpty" time="0.0" classname="Test_27_AB_removeA_B"/>
  <testcase name="testIterator" time="0.0" classname="Test_27_AB_removeA_B"/>
  <testcase name="testLast" time="0.0" classname="Test_27_AB_removeA_B"/>
  <testcase name="testListIterator" time="0.0" classname="Test_27_AB_removeA_B"/>
  <testcase name="testListIterator_invalidIndex" time="0.0" classname="Test_27_AB_removeA_B"/>
  <testcase name="testListIterator_invalidIndex" time="0.0" classname="Test_27_AB_removeA_B"/>
  <testcase name="testListIterator_validIndex" time="0.0" classname="Test_27_AB_removeA_B"/>
  <testcase name="testListIterator_validIndex" time="0.0" classname="Test_27_AB_removeA_B"/>
  <testcase name="testRemoveFirst" time="0.0" classname="Test_27_AB_removeA_B"/>
  <testcase name="testRemoveLast" time="0.0" classname="Test_27_AB_removeA_B"/>
  <testcase name="testRemove_invalidElement" time="0.001" classname="Test_27_AB_removeA_B"/>
  <testcase name="testRemove_invalidIndex" time="0.0" classname="Test_27_AB_removeA_B"/>
  <testcase name="testRemove_invalidIndex" time="0.0" classname="Test_27_AB_removeA_B"/>
  <testcase name="testRemove_validElement" time="0.0" classname="Test_27_AB_removeA_B"/>
  <testcase name="testRemove_validIndex" time="0.0" classname="Test_27_AB_removeA_B"/>
  <testcase name="testSet_invalidIndex" time="0.0" classname="Test_27_AB_removeA_B"/>
  <testcase name="testSet_invalidIndex" time="0.0" classname="Test_27_AB_removeA_B"/>
  <testcase name="testSet_validIndex" time="0.001" classname="Test_27_AB_removeA_B"/>
  <testcase name="testSize" time="0.0" classname="Test_27_AB_removeA_B"/>
  <testcase name="testAdd" time="0.0" classname="Test_29_AB_remove0_B"/>
  <testcase name="testAddAfter_invalidElement" time="0.001" classname="Test_29_AB_remove0_B"/>
  <testcase name="testAddAfter_validElement" time="0.0" classname="Test_29_AB_remove0_B"/>
  <testcase name="testAddToFront" time="0.0" classname="Test_29_AB_remove0_B"/>
  <testcase name="testAddToRear" time="0.001" classname="Test_29_AB_remove0_B"/>
  <testcase name="testAdd_invalidIndex" time="0.0" classname="Test_29_AB_remove0_B"/>
  <testcase name="testAdd_invalidIndex" time="0.0" classname="Test_29_AB_remove0_B"/>
  <testcase name="testAdd_validIndex" time="0.0" classname="Test_29_AB_remove0_B"/>
  <testcase name="testAdd_validIndex" time="0.0" classname="Test_29_AB_remove0_B"/>
  <testcase name="testContains_invalidElement" time="0.0" classname="Test_29_AB_remove0_B"/>
  <testcase name="testContains_validElement" time="0.001" classname="Test_29_AB_remove0_B"/>
  <testcase name="testFirst" time="0.0" classname="Test_29_AB_remove0_B"/>
  <testcase name="testGet_invalidIndex" time="0.0" classname="Test_29_AB_remove0_B"/>
  <testcase name="testGet_invalidIndex" time="0.0" classname="Test_29_AB_remove0_B"/>
  <testcase name="testGet_validIndex" time="0.0" classname="Test_29_AB_remove0_B"/>
  <testcase name="testIndexOf_invalidElement" time="0.0" classname="Test_29_AB_remove0_B"/>
  <testcase name="testIndexOf_validElement" time="0.0" classname="Test_29_AB_remove0_B"/>
  <testcase name="testIsEmpty" time="0.0" classname="Test_29_AB_remove0_B"/>
  <testcase name="testIterator" time="0.0" classname="Test_29_AB_remove0_B"/>
  <testcase name="testLast" time="0.0" classname="Test_29_AB_remove0_B"/>
  <testcase name="testListIterator" time="0.0" classname="Test_29_AB_remove0_B"/>
  <testcase name="testListIterator_invalidIndex" time="0.0" classname="Test_29_AB_remove0_B"/>
  <testcase name="testListIterator_invalidIndex" time="0.0" classname="Test_29_AB_remove0_B"/>
  <testcase name="testListIterator_validIndex" time="0.0" classname="Test_29_AB_remove0_B"/>
  <testcase name="testListIterator_validIndex" time="0.0" classname="Test_29_AB_remove0_B"/>
  <testcase name="testRemoveFirst" time="0.001" classname="Test_29_AB_remove0_B"/>
  <testcase name="testRemoveLast" time="0.0" classname="Test_29_AB_remove0_B"/>
  <testcase name="testRemove_invalidElement" time="0.0" classname="Test_29_AB_remove0_B"/>
  <testcase name="testRemove_invalidIndex" time="0.001" classname="Test_29_AB_remove0_B"/>
  <testcase name="testRemove_invalidIndex" time="0.0" classname="Test_29_AB_remove0_B"/>
  <testcase name="testRemove_validElement" time="0.0" classname="Test_29_AB_remove0_B"/>
  <testcase name="testRemove_validIndex" time="0.001" classname="Test_29_AB_remove0_B"/>
  <testcase name="testSet_invalidIndex" time="0.0" classname="Test_29_AB_remove0_B"/>
  <testcase name="testSet_invalidIndex" time="0.0" classname="Test_29_AB_remove0_B"/>
  <testcase name="testSet_validIndex" time="0.0" classname="Test_29_AB_remove0_B"/>
  <testcase name="testSize" time="0.0" classname="Test_29_AB_remove0_B"/>
  <testcase name="testAdd" time="0.0" classname="Test_28_AB_removeB_A"/>
  <testcase name="testAddAfter_invalidElement" time="0.0" classname="Test_28_AB_removeB_A"/>
  <testcase name="testAddAfter_validElement" time="0.0" classname="Test_28_AB_removeB_A"/>
  <testcase name="testAddToFront" time="0.0" classname="Test_28_AB_removeB_A"/>
  <testcase name="testAddToRear" time="0.0" classname="Test_28_AB_removeB_A"/>
  <testcase name="testAdd_invalidIndex" time="0.0" classname="Test_28_AB_removeB_A"/>
  <testcase name="testAdd_invalidIndex" time="0.0" classname="Test_28_AB_removeB_A"/>
  <testcase name="testAdd_validIndex" time="0.0" classname="Test_28_AB_removeB_A"/>
  <testcase name="testAdd_validIndex" time="0.0" classname="Test_28_AB_removeB_A"/>
  <testcase name="testContains_invalidElement" time="0.0" classname="Test_28_AB_removeB_A"/>
  <testcase name="testContains_validElement" time="0.0" classname="Test_28_AB_removeB_A"/>
  <testcase name="testFirst" time="0.0" classname="Test_28_AB_removeB_A"/>
  <testcase name="testGet_invalidIndex" time="0.001" classname="Test_28_AB_removeB_A"/>
  <testcase name="testGet_invalidIndex" time="0.0" classname="Test_28_AB_removeB_A"/>
  <testcase name="testGet_validIndex" time="0.0" classname="Test_28_AB_removeB_A"/>
  <testcase name="testIndexOf_invalidElement" time="0.001" classname="Test_28_AB_removeB_A"/>
  <testcase name="testIndexOf_validElement" time="0.0" classname="Test_28_AB_removeB_A"/>
  <testcase name="testIsEmpty" time="0.0" classname="Test_28_AB_removeB_A"/>
  <testcase name="testIterator" time="0.0" classname="Test_28_AB_removeB_A"/>
  <testcase name="testLast" time="0.0" classname="Test_28_AB_removeB_A"/>
  <testcase name="testListIterator" time="0.0" classname="Test_28_AB_removeB_A"/>
  <testcase name="testListIterator_invalidIndex" time="0.0" classname="Test_28_AB_removeB_A"/>
  <testcase name="testListIterator_invalidIndex" time="0.001" classname="Test_28_AB_removeB_A"/>
  <testcase name="testListIterator_validIndex" time="0.0" classname="Test_28_AB_removeB_A"/>
  <testcase name="testListIterator_validIndex" time="0.0" classname="Test_28_AB_removeB_A"/>
  <testcase name="testRemoveFirst" time="0.0" classname="Test_28_AB_removeB_A"/>
  <testcase name="testRemoveLast" time="0.0" classname="Test_28_AB_removeB_A"/>
  <testcase name="testRemove_invalidElement" time="0.0" classname="Test_28_AB_removeB_A"/>
  <testcase name="testRemove_invalidIndex" time="0.0" classname="Test_28_AB_removeB_A"/>
  <testcase name="testRemove_invalidIndex" time="0.0" classname="Test_28_AB_removeB_A"/>
  <testcase name="testRemove_validElement" time="0.0" classname="Test_28_AB_removeB_A"/>
  <testcase name="testRemove_validIndex" time="0.0" classname="Test_28_AB_removeB_A"/>
  <testcase name="testSet_invalidIndex" time="0.001" classname="Test_28_AB_removeB_A"/>
  <testcase name="testSet_invalidIndex" time="0.0" classname="Test_28_AB_removeB_A"/>
  <testcase name="testSet_validIndex" time="0.0" classname="Test_28_AB_removeB_A"/>
  <testcase name="testSize" time="0.001" classname="Test_28_AB_removeB_A"/>
  <testcase name="testAdd" time="0.001" classname="Test_36_ABC_removeB_AC"/>
  <testcase name="testAddAfter_invalidElement" time="0.0" classname="Test_36_ABC_removeB_AC"/>
  <testcase name="testAddAfter_validElement" time="0.0" classname="Test_36_ABC_removeB_AC"/>
  <testcase name="testAddAfter_validElement" time="0.0" classname="Test_36_ABC_removeB_AC"/>
  <testcase name="testAddToFront" time="0.001" classname="Test_36_ABC_removeB_AC"/>
  <testcase name="testAddToRear" time="0.0" classname="Test_36_ABC_removeB_AC"/>
  <testcase name="testAdd_invalidIndex" time="0.0" classname="Test_36_ABC_removeB_AC"/>
  <testcase name="testAdd_invalidIndex" time="0.0" classname="Test_36_ABC_removeB_AC"/>
  <testcase name="testAdd_validIndex" time="0.0" classname="Test_36_ABC_removeB_AC"/>
  <testcase name="testAdd_validIndex" time="0.0" classname="Test_36_ABC_removeB_AC"/>
  <testcase name="testAdd_validIndex" time="0.0" classname="Test_36_ABC_removeB_AC"/>
  <testcase name="testContains_invalidElement" time="0.0" classname="Test_36_ABC_removeB_AC"/>
  <testcase name="testContains_validElement" time="0.001" classname="Test_36_ABC_removeB_AC"/>
  <testcase name="testContains_validElement" time="0.0" classname="Test_36_ABC_removeB_AC"/>
  <testcase name="testFirst" time="0.0" classname="Test_36_ABC_removeB_AC"/>
  <testcase name="testGet_invalidIndex" time="0.0" classname="Test_36_ABC_removeB_AC"/>
  <testcase name="testGet_invalidIndex" time="0.0" classname="Test_36_ABC_removeB_AC"/>
  <testcase name="testGet_validIndex" time="0.0" classname="Test_36_ABC_removeB_AC"/>
  <testcase name="testGet_validIndex" time="0.0" classname="Test_36_ABC_removeB_AC"/>
  <testcase name="testIndexOf" time="0.0" classname="Test_36_ABC_removeB_AC"/>
  <testcase name="testIndexOf" time="0.0" classname="Test_36_ABC_removeB_AC"/>
  <testcase name="testIndexOf" time="0.0" classname="Test_36_ABC_removeB_AC"/>
  <testcase name="testIsEmpty" time="0.0" classname="Test_36_ABC_removeB_AC"/>
  <testcase name="testIterator" time="0.0" classname="Test_36_ABC_removeB_AC"/>
  <testcase name="testLast" time="0.0" classname="Test_36_ABC_removeB_AC"/>
  <testcase name="testListIterator" time="0.0" classname="Test_36_ABC_removeB_AC"/>
  <testcase name="testListIterator_invalidIndex" time="0.0" classname="Test_36_ABC_removeB_AC"/>
  <testcase name="testListIterator_invalidIndex" time="0.0" classname="Test_36_ABC_removeB_AC"/>
  <testcase name="testListIterator_validIndex" time="0.0" classname="Test_36_ABC_removeB_AC"/>
  <testcase name="testListIterator_validIndex" time="0.0" classname="Test_36_ABC_removeB_AC"/>
  <testcase name="testListIterator_validIndex" time="0.0" classname="Test_36_ABC_removeB_AC"/>
  <testcase name="testRemoveFirst" time="0.0" classname="Test_36_ABC_removeB_AC"/>
  <testcase name="testRemoveLast" time="0.0" classname="Test_36_ABC_removeB_AC"/>
  <testcase name="testRemove_invalidElement" time="0.0" classname="Test_36_ABC_removeB_AC"/>
  <testcase name="testRemove_invalidIndex" time="0.0" classname="Test_36_ABC_removeB_AC"/>
  <testcase name="testRemove_invalidIndex" time="0.001" classname="Test_36_ABC_removeB_AC"/>
  <testcase name="testRemove_validElement" time="0.0" classname="Test_36_ABC_removeB_AC"/>
  <testcase name="testRemove_validElement" time="0.0" classname="Test_36_ABC_removeB_AC"/>
  <testcase name="testRemove_validIndex" time="0.0" classname="Test_36_ABC_removeB_AC"/>
  <testcase name="testRemove_validIndex" time="0.0" classname="Test_36_ABC_removeB_AC"/>
  <testcase name="testSet_invalidIndex" time="0.0" classname="Test_36_ABC_removeB_AC"/>
  <testcase name="testSet_invalidIndex" time="0.0" classname="Test_36_ABC_removeB_AC"/>
  <testcase name="testSet_validIndex" time="0.0" classname="Test_36_ABC_removeB_AC"/>
  <testcase name="testSet_validIndex" time="0.001" classname="Test_36_ABC_removeB_AC"/>
  <testcase name="testSize" time="0.0" classname="Test_36_ABC_removeB_AC"/>
  <testcase name="testAdd" time="0.001" classname="Test_37_ABC_removeC_AB"/>
  <testcase name="testAddAfter_invalidElement" time="0.0" classname="Test_37_ABC_removeC_AB"/>
  <testcase name="testAddAfter_validElement" time="0.0" classname="Test_37_ABC_removeC_AB"/>
  <testcase name="testAddAfter_validElement" time="0.0" classname="Test_37_ABC_removeC_AB"/>
  <testcase name="testAddToFront" time="0.001" classname="Test_37_ABC_removeC_AB"/>
  <testcase name="testAddToRear" time="0.0" classname="Test_37_ABC_removeC_AB"/>
  <testcase name="testAdd_invalidIndex" time="0.0" classname="Test_37_ABC_removeC_AB"/>
  <testcase name="testAdd_invalidIndex" time="0.0" classname="Test_37_ABC_removeC_AB"/>
  <testcase name="testAdd_validIndex" time="0.0" classname="Test_37_ABC_removeC_AB"/>
  <testcase name="testAdd_validIndex" time="0.0" classname="Test_37_ABC_removeC_AB"/>
  <testcase name="testAdd_validIndex" time="0.0" classname="Test_37_ABC_removeC_AB"/>
  <testcase name="testContains_invalidElement" time="0.0" classname="Test_37_ABC_removeC_AB"/>
  <testcase name="testContains_validElement" time="0.0" classname="Test_37_ABC_removeC_AB"/>
  <testcase name="testContains_validElement" time="0.0" classname="Test_37_ABC_removeC_AB"/>
  <testcase name="testFirst" time="0.0" classname="Test_37_ABC_removeC_AB"/>
  <testcase name="testGet_invalidIndex" time="0.0" classname="Test_37_ABC_removeC_AB"/>
  <testcase name="testGet_invalidIndex" time="0.0" classname="Test_37_ABC_removeC_AB"/>
  <testcase name="testGet_validIndex" time="0.0" classname="Test_37_ABC_removeC_AB"/>
  <testcase name="testGet_validIndex" time="0.0" classname="Test_37_ABC_removeC_AB"/>
  <testcase name="testIndexOf" time="0.001" classname="Test_37_ABC_removeC_AB"/>
  <testcase name="testIndexOf" time="0.0" classname="Test_37_ABC_removeC_AB"/>
  <testcase name="testIndexOf" time="0.0" classname="Test_37_ABC_removeC_AB"/>
  <testcase name="testIsEmpty" time="0.0" classname="Test_37_ABC_removeC_AB"/>
  <testcase name="testIterator" time="0.0" classname="Test_37_ABC_removeC_AB"/>
  <testcase name="testLast" time="0.0" classname="Test_37_ABC_removeC_AB"/>
  <testcase name="testListIterator" time="0.0" classname="Test_37_ABC_removeC_AB"/>
  <testcase name="testListIterator_invalidIndex" time="0.0" classname="Test_37_ABC_removeC_AB"/>
  <testcase name="testListIterator_invalidIndex" time="0.0" classname="Test_37_ABC_removeC_AB"/>
  <testcase name="testListIterator_validIndex" time="0.0" classname="Test_37_ABC_removeC_AB"/>
  <testcase name="testListIterator_validIndex" time="0.0" classname="Test_37_ABC_removeC_AB"/>
  <testcase name="testListIterator_validIndex" time="0.0" classname="Test_37_ABC_removeC_AB"/>
  <testcase name="testRemoveFirst" time="0.0" classname="Test_37_ABC_removeC_AB"/>
  <testcase name="testRemoveLast" time="0.0" classname="Test_37_ABC_removeC_AB"/>
  <testcase name="testRemove_invalidElement" time="0.0" classname="Test_37_ABC_removeC_AB"/>
  <testcase name="testRemove_invalidIndex" time="0.001" classname="Test_37_ABC_removeC_AB"/>
  <testcase name="testRemove_invalidIndex" time="0.0" classname="Test_37_ABC_removeC_AB"/>
  <testcase name="testRemove_validElement" time="0.0" classname="Test_37_ABC_removeC_AB"/>
  <testcase name="testRemove_validElement" time="0.0" classname="Test_37_ABC_removeC_AB"/>
  <testcase name="testRemove_validIndex" time="0.0" classname="Test_37_ABC_removeC_AB"/>
  <testcase name="testRemove_validIndex" time="0.0" classname="Test_37_ABC_removeC_AB"/>
  <testcase name="testSet_invalidIndex" time="0.0" classname="Test_37_ABC_removeC_AB"/>
  <testcase name="testSet_invalidIndex" time="0.0" classname="Test_37_ABC_removeC_AB"/>
  <testcase name="testSet_validIndex" time="0.0" classname="Test_37_ABC_removeC_AB"/>
  <testcase name="testSet_validIndex" time="0.0" classname="Test_37_ABC_removeC_AB"/>
  <testcase name="testSize" time="0.0" classname="Test_37_ABC_removeC_AB"/>
  <testcase name="testAdd" time="0.0" classname="Test_38_ABC_remove0_BC"/>
  <testcase name="testAddAfter_invalidElement" time="0.0" classname="Test_38_ABC_remove0_BC"/>
  <testcase name="testAddAfter_validElement" time="0.0" classname="Test_38_ABC_remove0_BC"/>
  <testcase name="testAddAfter_validElement" time="0.0" classname="Test_38_ABC_remove0_BC"/>
  <testcase name="testAddToFront" time="0.001" classname="Test_38_ABC_remove0_BC"/>
  <testcase name="testAddToRear" time="0.0" classname="Test_38_ABC_remove0_BC"/>
  <testcase name="testAdd_invalidIndex" time="0.0" classname="Test_38_ABC_remove0_BC"/>
  <testcase name="testAdd_invalidIndex" time="0.0" classname="Test_38_ABC_remove0_BC"/>
  <testcase name="testAdd_validIndex" time="0.0" classname="Test_38_ABC_remove0_BC"/>
  <testcase name="testAdd_validIndex" time="0.0" classname="Test_38_ABC_remove0_BC"/>
  <testcase name="testAdd_validIndex" time="0.0" classname="Test_38_ABC_remove0_BC"/>
  <testcase name="testContains_invalidElement" time="0.0" classname="Test_38_ABC_remove0_BC"/>
  <testcase name="testContains_validElement" time="0.0" classname="Test_38_ABC_remove0_BC"/>
  <testcase name="testContains_validElement" time="0.0" classname="Test_38_ABC_remove0_BC"/>
  <testcase name="testFirst" time="0.0" classname="Test_38_ABC_remove0_BC"/>
  <testcase name="testGet_invalidIndex" time="0.0" classname="Test_38_ABC_remove0_BC"/>
  <testcase name="testGet_invalidIndex" time="0.0" classname="Test_38_ABC_remove0_BC"/>
  <testcase name="testGet_validIndex" time="0.0" classname="Test_38_ABC_remove0_BC"/>
  <testcase name="testGet_validIndex" time="0.0" classname="Test_38_ABC_remove0_BC"/>
  <testcase name="testIndexOf" time="0.0" classname="Test_38_ABC_remove0_BC"/>
  <testcase name="testIndexOf" time="0.0" classname="Test_38_ABC_remove0_BC"/>
  <testcase name="testIndexOf" time="0.0" classname="Test_38_ABC_remove0_BC"/>
  <testcase name="testIsEmpty" time="0.0" classname="Test_38_ABC_remove0_BC"/>
  <testcase name="testIterator" time="0.0" classname="Test_38_ABC_remove0_BC"/>
  <testcase name="testLast" time="0.0" classname="Test_38_ABC_remove0_BC"/>
  <testcase name="testListIterator" time="0.0" classname="Test_38_ABC_remove0_BC"/>
  <testcase name="testListIterator_invalidIndex" time="0.0" classname="Test_38_ABC_remove0_BC"/>
  <testcase name="testListIterator_invalidIndex" time="0.0" classname="Test_38_ABC_remove0_BC"/>
  <testcase name="testListIterator_validIndex" time="0.0" classname="Test_38_ABC_remove0_BC"/>
  <testcase name="testListIterator_validIndex" time="0.0" classname="Test_38_ABC_remove0_BC"/>
  <testcase name="testListIterator_validIndex" time="0.0" classname="Test_38_ABC_remove0_BC"/>
  <testcase name="testRemoveFirst" time="0.001" classname="Test_38_ABC_remove0_BC"/>
  <testcase name="testRemoveLast" time="0.0" classname="Test_38_ABC_remove0_BC"/>
  <testcase name="testRemove_invalidElement" time="0.0" classname="Test_38_ABC_remove0_BC"/>
  <testcase name="testRemove_invalidIndex" time="0.0" classname="Test_38_ABC_remove0_BC"/>
  <testcase name="testRemove_invalidIndex" time="0.001" classname="Test_38_ABC_remove0_BC"/>
  <testcase name="testRemove_validElement" time="0.0" classname="Test_38_ABC_remove0_BC"/>
  <testcase name="testRemove_validElement" time="0.0" classname="Test_38_ABC_remove0_BC"/>
  <testcase name="testRemove_validIndex" time="0.0" classname="Test_38_ABC_remove0_BC"/>
  <testcase name="testRemove_validIndex" time="0.0" classname="Test_38_ABC_remove0_BC"/>
  <testcase name="testSet_invalidIndex" time="0.0" classname="Test_38_ABC_remove0_BC"/>
  <testcase name="testSet_invalidIndex" time="0.0" classname="Test_38_ABC_remove0_BC"/>
  <testcase name="testSet_validIndex" time="0.0" classname="Test_38_ABC_remove0_BC"/>
  <testcase name="testSet_validIndex" time="0.0" classname="Test_38_ABC_remove0_BC"/>
  <testcase name="testSize" time="0.001" classname="Test_38_ABC_remove0_BC"/>
  <testcase name="testAdd" time="0.0" classname="Test_40_ABC_remove2_AB"/>
  <testcase name="testAddAfter_invalidElement" time="0.0" classname="Test_40_ABC_remove2_AB"/>
  <testcase name="testAddAfter_validElement" time="0.0" classname="Test_40_ABC_remove2_AB"/>
  <testcase name="testAddAfter_validElement" time="0.0" classname="Test_40_ABC_remove2_AB"/>
  <testcase name="testAddToFront" time="0.0" classname="Test_40_ABC_remove2_AB"/>
  <testcase name="testAddToRear" time="0.0" classname="Test_40_ABC_remove2_AB"/>
  <testcase name="testAdd_invalidIndex" time="0.0" classname="Test_40_ABC_remove2_AB"/>
  <testcase name="testAdd_invalidIndex" time="0.0" classname="Test_40_ABC_remove2_AB"/>
  <testcase name="testAdd_validIndex" time="0.0" classname="Test_40_ABC_remove2_AB"/>
  <testcase name="testAdd_validIndex" time="0.0" classname="Test_40_ABC_remove2_AB"/>
  <testcase name="testAdd_validIndex" time="0.0" classname="Test_40_ABC_remove2_AB"/>
  <testcase name="testContains_invalidElement" time="0.0" classname="Test_40_ABC_remove2_AB"/>
  <testcase name="testContains_validElement" time="0.0" classname="Test_40_ABC_remove2_AB"/>
  <testcase name="testContains_validElement" time="0.0" classname="Test_40_ABC_remove2_AB"/>
  <testcase name="testFirst" time="0.0" classname="Test_40_ABC_remove2_AB"/>
  <testcase name="testGet_invalidIndex" time="0.0" classname="Test_40_ABC_remove2_AB"/>
  <testcase name="testGet_invalidIndex" time="0.0" classname="Test_40_ABC_remove2_AB"/>
  <testcase name="testGet_validIndex" time="0.0" classname="Test_40_ABC_remove2_AB"/>
  <testcase name="testGet_validIndex" time="0.0" classname="Test_40_ABC_remove2_AB"/>
  <testcase name="testIndexOf" time="0.0" classname="Test_40_ABC_remove2_AB"/>
  <testcase name="testIndexOf" time="0.0" classname="Test_40_ABC_remove2_AB"/>
  <testcase name="testIndexOf" time="0.0" classname="Test_40_ABC_remove2_AB"/>
  <testcase name="testIsEmpty" time="0.0" classname="Test_40_ABC_remove2_AB"/>
  <testcase name="testIterator" time="0.0" classname="Test_40_ABC_remove2_AB"/>
  <testcase name="testLast" time="0.0" classname="Test_40_ABC_remove2_AB"/>
  <testcase name="testListIterator" time="0.0" classname="Test_40_ABC_remove2_AB"/>
  <testcase name="testListIterator_invalidIndex" time="0.0" classname="Test_40_ABC_remove2_AB"/>
  <testcase name="testListIterator_invalidIndex" time="0.0" classname="Test_40_ABC_remove2_AB"/>
  <testcase name="testListIterator_validIndex" time="0.0" classname="Test_40_ABC_remove2_AB"/>
  <testcase name="testListIterator_validIndex" time="0.0" classname="Test_40_ABC_remove2_AB"/>
  <testcase name="testListIterator_validIndex" time="0.0" classname="Test_40_ABC_remove2_AB"/>
  <testcase name="testRemoveFirst" time="0.0" classname="Test_40_ABC_remove2_AB"/>
  <testcase name="testRemoveLast" time="0.0" classname="Test_40_ABC_remove2_AB"/>
  <testcase name="testRemove_invalidElement" time="0.0" classname="Test_40_ABC_remove2_AB"/>
  <testcase name="testRemove_invalidIndex" time="0.0" classname="Test_40_ABC_remove2_AB"/>
  <testcase name="testRemove_invalidIndex" time="0.0" classname="Test_40_ABC_remove2_AB"/>
  <testcase name="testRemove_validElement" time="0.0" classname="Test_40_ABC_remove2_AB"/>
  <testcase name="testRemove_validElement" time="0.0" classname="Test_40_ABC_remove2_AB"/>
  <testcase name="testRemove_validIndex" time="0.0" classname="Test_40_ABC_remove2_AB"/>
  <testcase name="testRemove_validIndex" time="0.0" classname="Test_40_ABC_remove2_AB"/>
  <testcase name="testSet_invalidIndex" time="0.001" classname="Test_40_ABC_remove2_AB"/>
  <testcase name="testSet_invalidIndex" time="0.0" classname="Test_40_ABC_remove2_AB"/>
  <testcase name="testSet_validIndex" time="0.0" classname="Test_40_ABC_remove2_AB"/>
  <testcase name="testSet_validIndex" time="0.0" classname="Test_40_ABC_remove2_AB"/>
  <testcase name="testSize" time="0.0" classname="Test_40_ABC_remove2_AB"/>
  <testcase name="testAdd" time="0.0" classname="Test_30_AB_remove1_A"/>
  <testcase name="testAddAfter_invalidElement" time="0.0" classname="Test_30_AB_remove1_A"/>
  <testcase name="testAddAfter_validElement" time="0.0" classname="Test_30_AB_remove1_A"/>
  <testcase name="testAddToFront" time="0.0" classname="Test_30_AB_remove1_A"/>
  <testcase name="testAddToRear" time="0.0" classname="Test_30_AB_remove1_A"/>
  <testcase name="testAdd_invalidIndex" time="0.0" classname="Test_30_AB_remove1_A"/>
  <testcase name="testAdd_invalidIndex" time="0.0" classname="Test_30_AB_remove1_A"/>
  <testcase name="testAdd_validIndex" time="0.0" classname="Test_30_AB_remove1_A"/>
  <testcase name="testAdd_validIndex" time="0.0" classname="Test_30_AB_remove1_A"/>
  <testcase name="testContains_invalidElement" time="0.0" classname="Test_30_AB_remove1_A"/>
  <testcase name="testContains_validElement" time="0.0" classname="Test_30_AB_remove1_A"/>
  <testcase name="testFirst" time="0.0" classname="Test_30_AB_remove1_A"/>
  <testcase name="testGet_invalidIndex" time="0.0" classname="Test_30_AB_remove1_A"/>
  <testcase name="testGet_invalidIndex" time="0.0" classname="Test_30_AB_remove1_A"/>
  <testcase name="testGet_validIndex" time="0.0" classname="Test_30_AB_remove1_A"/>
  <testcase name="testIndexOf" time="0.0" classname="Test_30_AB_remove1_A"/>
  <testcase name="testIndexOf" time="0.0" classname="Test_30_AB_remove1_A"/>
  <testcase name="testIsEmpty" time="0.0" classname="Test_30_AB_remove1_A"/>
  <testcase name="testIterator" time="0.0" classname="Test_30_AB_remove1_A"/>
  <testcase name="testLast" time="0.0" classname="Test_30_AB_remove1_A"/>
  <testcase name="testListIterator" time="0.0" classname="Test_30_AB_remove1_A"/>
  <testcase name="testListIterator_invalidIndex" time="0.0" classname="Test_30_AB_remove1_A"/>
  <testcase name="testListIterator_invalidIndex" time="0.0" classname="Test_30_AB_remove1_A"/>
  <testcase name="testListIterator_validIndex" time="0.0" classname="Test_30_AB_remove1_A"/>
  <testcase name="testListIterator_validIndex" time="0.001" classname="Test_30_AB_remove1_A"/>
  <testcase name="testRemoveFirst" time="0.0" classname="Test_30_AB_remove1_A"/>
  <testcase name="testRemoveLast" time="0.0" classname="Test_30_AB_remove1_A"/>
  <testcase name="testRemove_invalidElement" time="0.0" classname="Test_30_AB_remove1_A"/>
  <testcase name="testRemove_invalidIndex" time="0.0" classname="Test_30_AB_remove1_A"/>
  <testcase name="testRemove_invalidIndex" time="0.0" classname="Test_30_AB_remove1_A"/>
  <testcase name="testRemove_validElement" time="0.0" classname="Test_30_AB_remove1_A"/>
  <testcase name="testRemove_validIndex" time="0.0" classname="Test_30_AB_remove1_A"/>
  <testcase name="testSet_invalidIndex" time="0.001" classname="Test_30_AB_remove1_A"/>
  <testcase name="testSet_invalidIndex" time="0.0" classname="Test_30_AB_remove1_A"/>
  <testcase name="testSet_validIndex" time="0.0" classname="Test_30_AB_remove1_A"/>
  <testcase name="testSize" time="0.0" classname="Test_30_AB_remove1_A"/>
  <testcase name="testAdd" time="0.0" classname="Test_35_ABC_removeA_BC"/>
  <testcase name="testAddAfter_invalidElement" time="0.0" classname="Test_35_ABC_removeA_BC"/>
  <testcase name="testAddAfter_validElement" time="0.0" classname="Test_35_ABC_removeA_BC"/>
  <testcase name="testAddAfter_validElement" time="0.0" classname="Test_35_ABC_removeA_BC"/>
  <testcase name="testAddToFront" time="0.0" classname="Test_35_ABC_removeA_BC"/>
  <testcase name="testAddToRear" time="0.0" classname="Test_35_ABC_removeA_BC"/>
  <testcase name="testAdd_invalidIndex" time="0.001" classname="Test_35_ABC_removeA_BC"/>
  <testcase name="testAdd_invalidIndex" time="0.0" classname="Test_35_ABC_removeA_BC"/>
  <testcase name="testAdd_validIndex" time="0.0" classname="Test_35_ABC_removeA_BC"/>
  <testcase name="testAdd_validIndex" time="0.0" classname="Test_35_ABC_removeA_BC"/>
  <testcase name="testAdd_validIndex" time="0.0" classname="Test_35_ABC_removeA_BC"/>
  <testcase name="testContains_invalidElement" time="0.0" classname="Test_35_ABC_removeA_BC"/>
  <testcase name="testContains_validElement" time="0.0" classname="Test_35_ABC_removeA_BC"/>
  <testcase name="testContains_validElement" time="0.0" classname="Test_35_ABC_removeA_BC"/>
  <testcase name="testFirst" time="0.0" classname="Test_35_ABC_removeA_BC"/>
  <testcase name="testGet_invalidIndex" time="0.0" classname="Test_35_ABC_removeA_BC"/>
  <testcase name="testGet_invalidIndex" time="0.0" classname="Test_35_ABC_removeA_BC"/>
  <testcase name="testGet_validIndex" time="0.0" classname="Test_35_ABC_removeA_BC"/>
  <testcase name="testGet_validIndex" time="0.0" classname="Test_35_ABC_removeA_BC"/>
  <testcase name="testIndexOf" time="0.0" classname="Test_35_ABC_removeA_BC"/>
  <testcase name="testIndexOf" time="0.0" classname="Test_35_ABC_removeA_BC"/>
  <testcase name="testIndexOf" time="0.001" classname="Test_35_ABC_removeA_BC"/>
  <testcase name="testIsEmpty" time="0.0" classname="Test_35_ABC_removeA_BC"/>
  <testcase name="testIterator" time="0.0" classname="Test_35_ABC_removeA_BC"/>
  <testcase name="testLast" time="0.0" classname="Test_35_ABC_removeA_BC"/>
  <testcase name="testListIterator" time="0.0" classname="Test_35_ABC_removeA_BC"/>
  <testcase name="testListIterator_invalidIndex" time="0.0" classname="Test_35_ABC_removeA_BC"/>
  <testcase name="testListIterator_invalidIndex" time="0.0" classname="Test_35_ABC_removeA_BC"/>
  <testcase name="testListIterator_validIndex" time="0.0" classname="Test_35_ABC_removeA_BC"/>
  <testcase name="testListIterator_validIndex" time="0.0" classname="Test_35_ABC_removeA_BC"/>
  <testcase name="testListIterator_validIndex" time="0.0" classname="Test_35_ABC_removeA_BC"/>
  <testcase name="testRemoveFirst" time="0.0" classname="Test_35_ABC_removeA_BC"/>
  <testcase name="testRemoveLast" time="0.0" classname="Test_35_ABC_removeA_BC"/>
  <testcase name="testRemove_invalidElement" time="0.0" classname="Test_35_ABC_removeA_BC"/>
  <testcase name="testRemove_invalidIndex" time="0.0" classname="Test_35_ABC_removeA_BC"/>
  <testcase name="testRemove_invalidIndex" time="0.0" classname="Test_35_ABC_removeA_BC"/>
  <testcase name="testRemove_validElement" time="0.001" classname="Test_35_ABC_removeA_BC"/>
  <testcase name="testRemove_validElement" time="0.0" classname="Test_35_ABC_removeA_BC"/>
  <testcase name="testRemove_validIndex" time="0.0" classname="Test_35_ABC_removeA_BC"/>
  <testcase name="testRemove_validIndex" time="0.0" classname="Test_35_ABC_removeA_BC"/>
  <testcase name="testSet_invalidIndex" time="0.0" classname="Test_35_ABC_removeA_BC"/>
  <testcase name="testSet_invalidIndex" time="0.0" classname="Test_35_ABC_removeA_BC"/>
  <testcase name="testSet_validIndex" time="0.0" classname="Test_35_ABC_removeA_BC"/>
  <testcase name="testSet_validIndex" time="0.0" classname="Test_35_ABC_removeA_BC"/>
  <testcase name="testSize" time="0.0" classname="Test_35_ABC_removeA_BC"/>
</testsuite>
